
> backend@1.0.0 start /home/ec2-user/backend
> pm2-runtime start ecosystem.config.js --env production

2019-12-17T01:39:54: PM2 log: Launching in no daemon mode
2019-12-17T01:39:54: PM2 log: App [API:0] starting in -cluster mode-
2019-12-17T01:39:54: PM2 log: App [API:0] online
Server started on port 5000...
Mysql Connected...
2019-12-17T02:16:38: PM2 log: Stopping app:API id:0
2019-12-17T02:16:38: PM2 log: App name:API id:0 disconnected
2019-12-17T02:16:38: PM2 log: App [API:0] exited with code [0] via signal [SIGTERM]
2019-12-17T02:16:38: PM2 log: pid=26539 msg=process killed
2019-12-17T02:16:38: PM2 log: PM2 successfully stopped

> backend@1.0.0 start /home/ec2-user/backend
> pm2-runtime start ecosystem.config.js --env production

2019-12-17T02:17:32: PM2 log: Launching in no daemon mode
2019-12-17T02:17:32: PM2 log: App [API:0] starting in -cluster mode-
2019-12-17T02:17:32: PM2 log: App [API:0] online
Server started on port 5000...
Mysql Connected...
Event_ID: 100016
Event_ID: 100016
Event_ID: 100016
Event_ID: 100016
Event_ID: 100016
Event_ID: 100016
Event_ID: 100016
Event_ID: 100016
Event_ID: 100016
Event_ID: 100016
Event_ID: 100016
Event_ID: 1000
Event_ID: 100001
Event_ID: 100016
Event_ID: 100016
Event_ID: 100001
Event_ID: 100015
Event_ID: 100015
Event_ID: 100015
Event_ID: 100015
Event_ID: 100015
Event_ID: 100015
Event_ID: 100016
Event_ID: 100016
Event_ID: 100016
Event_ID: 100016
Event_ID: 100016
Event_ID: 100016
Event_ID: 100016
Event_ID: 100016
Event_ID: 100016
Event_ID: 100016
Event_ID: 100016
Event_ID: 100016
Event_ID: 100016
Event_ID: 100016
Event_ID: 100016
Event_ID: 100016
Event_ID: 100016
Event_ID: 100016
Event_ID: 100016
Event_ID: 100016
Event_ID: 100016
Event_ID: 100016
Event_ID: 100016
Event_ID: 100016
Event_ID: 100016
Event_ID: 100016
Event_ID: 100016
Event_ID: 100016
Event_ID: 100015
Event_ID: 100015
Event_ID: 100016
Event_ID: 100016
Event_ID: 100015
Event_ID: 100015
Event_ID: 100015
Event_ID: 100016
Event_ID: 100016
Event_ID: null
Event_ID: null
Event_ID: 
Error: ER_PARSE_ERROR: You have an error in your SQL syntax; check the manual that corresponds to your MySQL server version for the right syntax to use near '' at line 1
    at Query.Sequence._packetToError (/home/ec2-user/backend/node_modules/mysql/lib/protocol/sequences/Sequence.js:47:14)
    at Query.ErrorPacket (/home/ec2-user/backend/node_modules/mysql/lib/protocol/sequences/Query.js:77:18)
    at Protocol._parsePacket (/home/ec2-user/backend/node_modules/mysql/lib/protocol/Protocol.js:291:23)
    at Parser._parsePacket (/home/ec2-user/backend/node_modules/mysql/lib/protocol/Parser.js:433:10)
    at Parser.write (/home/ec2-user/backend/node_modules/mysql/lib/protocol/Parser.js:43:10)
    at Protocol.write (/home/ec2-user/backend/node_modules/mysql/lib/protocol/Protocol.js:38:16)
    at Socket.<anonymous> (/home/ec2-user/backend/node_modules/mysql/lib/Connection.js:91:28)
    at Socket.<anonymous> (/home/ec2-user/backend/node_modules/mysql/lib/Connection.js:525:10)
    at Socket.emit (events.js:210:5)
    at addChunk (_stream_readable.js:326:12)
    --------------------
    at Protocol._enqueue (/home/ec2-user/backend/node_modules/mysql/lib/protocol/Protocol.js:144:48)
    at Connection.query (/home/ec2-user/backend/node_modules/mysql/lib/Connection.js:201:25)
    at /home/ec2-user/backend/server.js:35:20
    at Layer.handle [as handle_request] (/home/ec2-user/backend/node_modules/express/lib/router/layer.js:95:5)
    at next (/home/ec2-user/backend/node_modules/express/lib/router/route.js:137:13)
    at Route.dispatch (/home/ec2-user/backend/node_modules/express/lib/router/route.js:112:3)
    at Layer.handle [as handle_request] (/home/ec2-user/backend/node_modules/express/lib/router/layer.js:95:5)
    at /home/ec2-user/backend/node_modules/express/lib/router/index.js:281:22
    at Function.process_params (/home/ec2-user/backend/node_modules/express/lib/router/index.js:335:12)
    at next (/home/ec2-user/backend/node_modules/express/lib/router/index.js:275:10)
2019-12-17T06:20:25: PM2 log: App name:API id:0 disconnected
2019-12-17T06:20:25: PM2 log: App [API:0] exited with code [0] via signal [SIGINT]
2019-12-17T06:20:25: PM2 log: App [API:0] starting in -cluster mode-
2019-12-17T06:20:25: PM2 log: App [API:0] online
Server started on port 5000...
Mysql Connected...
Event_ID: 
Error: ER_PARSE_ERROR: You have an error in your SQL syntax; check the manual that corresponds to your MySQL server version for the right syntax to use near '' at line 1
    at Query.Sequence._packetToError (/home/ec2-user/backend/node_modules/mysql/lib/protocol/sequences/Sequence.js:47:14)
    at Query.ErrorPacket (/home/ec2-user/backend/node_modules/mysql/lib/protocol/sequences/Query.js:77:18)
    at Protocol._parsePacket (/home/ec2-user/backend/node_modules/mysql/lib/protocol/Protocol.js:291:23)
    at Parser._parsePacket (/home/ec2-user/backend/node_modules/mysql/lib/protocol/Parser.js:433:10)
    at Parser.write (/home/ec2-user/backend/node_modules/mysql/lib/protocol/Parser.js:43:10)
    at Protocol.write (/home/ec2-user/backend/node_modules/mysql/lib/protocol/Protocol.js:38:16)
    at Socket.<anonymous> (/home/ec2-user/backend/node_modules/mysql/lib/Connection.js:91:28)
    at Socket.<anonymous> (/home/ec2-user/backend/node_modules/mysql/lib/Connection.js:525:10)
    at Socket.emit (events.js:210:5)
    at addChunk (_stream_readable.js:326:12)
    --------------------
    at Protocol._enqueue (/home/ec2-user/backend/node_modules/mysql/lib/protocol/Protocol.js:144:48)
    at Connection.query (/home/ec2-user/backend/node_modules/mysql/lib/Connection.js:201:25)
    at /home/ec2-user/backend/server.js:35:20
    at Layer.handle [as handle_request] (/home/ec2-user/backend/node_modules/express/lib/router/layer.js:95:5)
    at next (/home/ec2-user/backend/node_modules/express/lib/router/route.js:137:13)
    at Route.dispatch (/home/ec2-user/backend/node_modules/express/lib/router/route.js:112:3)
    at Layer.handle [as handle_request] (/home/ec2-user/backend/node_modules/express/lib/router/layer.js:95:5)
    at /home/ec2-user/backend/node_modules/express/lib/router/index.js:281:22
    at Function.process_params (/home/ec2-user/backend/node_modules/express/lib/router/index.js:335:12)
    at next (/home/ec2-user/backend/node_modules/express/lib/router/index.js:275:10)
2019-12-17T06:20:35: PM2 log: App name:API id:0 disconnected
2019-12-17T06:20:35: PM2 log: App [API:0] exited with code [0] via signal [SIGINT]
2019-12-17T06:20:35: PM2 log: App [API:0] starting in -cluster mode-
2019-12-17T06:20:35: PM2 log: App [API:0] online
Server started on port 5000...
Mysql Connected...
Event_ID: 100015
Event_ID: 100015
Event_ID: 100015
Event_ID: 100016
Event_ID: 
Error: ER_PARSE_ERROR: You have an error in your SQL syntax; check the manual that corresponds to your MySQL server version for the right syntax to use near '' at line 1
    at Query.Sequence._packetToError (/home/ec2-user/backend/node_modules/mysql/lib/protocol/sequences/Sequence.js:47:14)
    at Query.ErrorPacket (/home/ec2-user/backend/node_modules/mysql/lib/protocol/sequences/Query.js:77:18)
    at Protocol._parsePacket (/home/ec2-user/backend/node_modules/mysql/lib/protocol/Protocol.js:291:23)
    at Parser._parsePacket (/home/ec2-user/backend/node_modules/mysql/lib/protocol/Parser.js:433:10)
    at Parser.write (/home/ec2-user/backend/node_modules/mysql/lib/protocol/Parser.js:43:10)
    at Protocol.write (/home/ec2-user/backend/node_modules/mysql/lib/protocol/Protocol.js:38:16)
    at Socket.<anonymous> (/home/ec2-user/backend/node_modules/mysql/lib/Connection.js:91:28)
    at Socket.<anonymous> (/home/ec2-user/backend/node_modules/mysql/lib/Connection.js:525:10)
    at Socket.emit (events.js:210:5)
    at addChunk (_stream_readable.js:326:12)
    --------------------
    at Protocol._enqueue (/home/ec2-user/backend/node_modules/mysql/lib/protocol/Protocol.js:144:48)
    at Connection.query (/home/ec2-user/backend/node_modules/mysql/lib/Connection.js:201:25)
    at /home/ec2-user/backend/server.js:35:20
    at Layer.handle [as handle_request] (/home/ec2-user/backend/node_modules/express/lib/router/layer.js:95:5)
    at next (/home/ec2-user/backend/node_modules/express/lib/router/route.js:137:13)
    at Route.dispatch (/home/ec2-user/backend/node_modules/express/lib/router/route.js:112:3)
    at Layer.handle [as handle_request] (/home/ec2-user/backend/node_modules/express/lib/router/layer.js:95:5)
    at /home/ec2-user/backend/node_modules/express/lib/router/index.js:281:22
    at Function.process_params (/home/ec2-user/backend/node_modules/express/lib/router/index.js:335:12)
    at next (/home/ec2-user/backend/node_modules/express/lib/router/index.js:275:10)
2019-12-17T06:21:30: PM2 log: App name:API id:0 disconnected
2019-12-17T06:21:30: PM2 log: App [API:0] exited with code [0] via signal [SIGINT]
2019-12-17T06:21:30: PM2 log: App [API:0] starting in -cluster mode-
2019-12-17T06:21:30: PM2 log: App [API:0] online
Server started on port 5000...
Mysql Connected...
Event_ID: 
Error: ER_PARSE_ERROR: You have an error in your SQL syntax; check the manual that corresponds to your MySQL server version for the right syntax to use near '' at line 1
    at Query.Sequence._packetToError (/home/ec2-user/backend/node_modules/mysql/lib/protocol/sequences/Sequence.js:47:14)
    at Query.ErrorPacket (/home/ec2-user/backend/node_modules/mysql/lib/protocol/sequences/Query.js:77:18)
    at Protocol._parsePacket (/home/ec2-user/backend/node_modules/mysql/lib/protocol/Protocol.js:291:23)
    at Parser._parsePacket (/home/ec2-user/backend/node_modules/mysql/lib/protocol/Parser.js:433:10)
    at Parser.write (/home/ec2-user/backend/node_modules/mysql/lib/protocol/Parser.js:43:10)
    at Protocol.write (/home/ec2-user/backend/node_modules/mysql/lib/protocol/Protocol.js:38:16)
    at Socket.<anonymous> (/home/ec2-user/backend/node_modules/mysql/lib/Connection.js:91:28)
    at Socket.<anonymous> (/home/ec2-user/backend/node_modules/mysql/lib/Connection.js:525:10)
    at Socket.emit (events.js:210:5)
    at addChunk (_stream_readable.js:326:12)
    --------------------
    at Protocol._enqueue (/home/ec2-user/backend/node_modules/mysql/lib/protocol/Protocol.js:144:48)
    at Connection.query (/home/ec2-user/backend/node_modules/mysql/lib/Connection.js:201:25)
    at /home/ec2-user/backend/server.js:35:20
    at Layer.handle [as handle_request] (/home/ec2-user/backend/node_modules/express/lib/router/layer.js:95:5)
    at next (/home/ec2-user/backend/node_modules/express/lib/router/route.js:137:13)
    at Route.dispatch (/home/ec2-user/backend/node_modules/express/lib/router/route.js:112:3)
    at Layer.handle [as handle_request] (/home/ec2-user/backend/node_modules/express/lib/router/layer.js:95:5)
    at /home/ec2-user/backend/node_modules/express/lib/router/index.js:281:22
    at Function.process_params (/home/ec2-user/backend/node_modules/express/lib/router/index.js:335:12)
    at next (/home/ec2-user/backend/node_modules/express/lib/router/index.js:275:10)
2019-12-17T06:22:02: PM2 log: App name:API id:0 disconnected
2019-12-17T06:22:02: PM2 log: App [API:0] exited with code [0] via signal [SIGINT]
2019-12-17T06:22:02: PM2 log: App [API:0] starting in -cluster mode-
2019-12-17T06:22:02: PM2 log: App [API:0] online
Server started on port 5000...
Mysql Connected...
Event_ID: 100015
Event_ID: 100015
Event_ID: 100015
Event_ID: 100015
Event_ID: 100015
Event_ID: 100015
Event_ID: 100015
Event_ID: 100015
Event_ID: 10000
Event_ID: 100001
Event_ID: 100015
Event_ID: 10001
Event_ID: 100015
Event_ID: 100015
Event_ID: 100016
Event_ID: 100015
Event_ID: 100015
Event_ID: 100015
Event_ID: 100015
Event_ID: 100015
Event_ID: 100015
Event_ID: 100015
Event_ID: 100015
Event_ID: 100015
Event_ID: 100015
Event_ID: 100015
Event_ID: 100015
Event_ID: 100015
Event_ID: 100015
Event_ID: 100015
Event_ID: 100015
Event_ID: 100015
Event_ID: 100015
Event_ID: 100015
Event_ID: profile
Error: ER_BAD_FIELD_ERROR: Unknown column 'profile' in 'where clause'
    at Query.Sequence._packetToError (/home/ec2-user/backend/node_modules/mysql/lib/protocol/sequences/Sequence.js:47:14)
    at Query.ErrorPacket (/home/ec2-user/backend/node_modules/mysql/lib/protocol/sequences/Query.js:77:18)
    at Protocol._parsePacket (/home/ec2-user/backend/node_modules/mysql/lib/protocol/Protocol.js:291:23)
    at Parser._parsePacket (/home/ec2-user/backend/node_modules/mysql/lib/protocol/Parser.js:433:10)
    at Parser.write (/home/ec2-user/backend/node_modules/mysql/lib/protocol/Parser.js:43:10)
    at Protocol.write (/home/ec2-user/backend/node_modules/mysql/lib/protocol/Protocol.js:38:16)
    at Socket.<anonymous> (/home/ec2-user/backend/node_modules/mysql/lib/Connection.js:91:28)
    at Socket.<anonymous> (/home/ec2-user/backend/node_modules/mysql/lib/Connection.js:525:10)
    at Socket.emit (events.js:210:5)
    at addChunk (_stream_readable.js:326:12)
    --------------------
    at Protocol._enqueue (/home/ec2-user/backend/node_modules/mysql/lib/protocol/Protocol.js:144:48)
    at Connection.query (/home/ec2-user/backend/node_modules/mysql/lib/Connection.js:201:25)
    at /home/ec2-user/backend/server.js:35:20
    at Layer.handle [as handle_request] (/home/ec2-user/backend/node_modules/express/lib/router/layer.js:95:5)
    at next (/home/ec2-user/backend/node_modules/express/lib/router/route.js:137:13)
    at Route.dispatch (/home/ec2-user/backend/node_modules/express/lib/router/route.js:112:3)
    at Layer.handle [as handle_request] (/home/ec2-user/backend/node_modules/express/lib/router/layer.js:95:5)
    at /home/ec2-user/backend/node_modules/express/lib/router/index.js:281:22
    at Function.process_params (/home/ec2-user/backend/node_modules/express/lib/router/index.js:335:12)
    at next (/home/ec2-user/backend/node_modules/express/lib/router/index.js:275:10)
2019-12-17T07:33:24: PM2 log: App name:API id:0 disconnected
2019-12-17T07:33:24: PM2 log: App [API:0] exited with code [0] via signal [SIGINT]
2019-12-17T07:33:24: PM2 log: App [API:0] starting in -cluster mode-
2019-12-17T07:33:24: PM2 log: App [API:0] online
Server started on port 5000...
Mysql Connected...
Event_ID: profile
Error: ER_BAD_FIELD_ERROR: Unknown column 'profile' in 'where clause'
    at Query.Sequence._packetToError (/home/ec2-user/backend/node_modules/mysql/lib/protocol/sequences/Sequence.js:47:14)
    at Query.ErrorPacket (/home/ec2-user/backend/node_modules/mysql/lib/protocol/sequences/Query.js:77:18)
    at Protocol._parsePacket (/home/ec2-user/backend/node_modules/mysql/lib/protocol/Protocol.js:291:23)
    at Parser._parsePacket (/home/ec2-user/backend/node_modules/mysql/lib/protocol/Parser.js:433:10)
    at Parser.write (/home/ec2-user/backend/node_modules/mysql/lib/protocol/Parser.js:43:10)
    at Protocol.write (/home/ec2-user/backend/node_modules/mysql/lib/protocol/Protocol.js:38:16)
    at Socket.<anonymous> (/home/ec2-user/backend/node_modules/mysql/lib/Connection.js:91:28)
    at Socket.<anonymous> (/home/ec2-user/backend/node_modules/mysql/lib/Connection.js:525:10)
    at Socket.emit (events.js:210:5)
    at addChunk (_stream_readable.js:326:12)
    --------------------
    at Protocol._enqueue (/home/ec2-user/backend/node_modules/mysql/lib/protocol/Protocol.js:144:48)
    at Connection.query (/home/ec2-user/backend/node_modules/mysql/lib/Connection.js:201:25)
    at /home/ec2-user/backend/server.js:35:20
    at Layer.handle [as handle_request] (/home/ec2-user/backend/node_modules/express/lib/router/layer.js:95:5)
    at next (/home/ec2-user/backend/node_modules/express/lib/router/route.js:137:13)
    at Route.dispatch (/home/ec2-user/backend/node_modules/express/lib/router/route.js:112:3)
    at Layer.handle [as handle_request] (/home/ec2-user/backend/node_modules/express/lib/router/layer.js:95:5)
    at /home/ec2-user/backend/node_modules/express/lib/router/index.js:281:22
    at Function.process_params (/home/ec2-user/backend/node_modules/express/lib/router/index.js:335:12)
    at next (/home/ec2-user/backend/node_modules/express/lib/router/index.js:275:10)
2019-12-17T07:33:25: PM2 log: App name:API id:0 disconnected
2019-12-17T07:33:25: PM2 log: App [API:0] exited with code [0] via signal [SIGINT]
2019-12-17T07:33:25: PM2 log: App [API:0] starting in -cluster mode-
2019-12-17T07:33:25: PM2 log: App [API:0] online
Server started on port 5000...
Mysql Connected...
Event_ID: 100015
Event_ID: 100015
Event_ID: 100015
Event_ID: 100015
Event_ID: 100015
Event_ID: 100015
Event_ID: 100015
Event_ID: 100015
Event_ID: 100015
Event_ID: profile
Error: ER_BAD_FIELD_ERROR: Unknown column 'profile' in 'where clause'
    at Query.Sequence._packetToError (/home/ec2-user/backend/node_modules/mysql/lib/protocol/sequences/Sequence.js:47:14)
    at Query.ErrorPacket (/home/ec2-user/backend/node_modules/mysql/lib/protocol/sequences/Query.js:77:18)
    at Protocol._parsePacket (/home/ec2-user/backend/node_modules/mysql/lib/protocol/Protocol.js:291:23)
    at Parser._parsePacket (/home/ec2-user/backend/node_modules/mysql/lib/protocol/Parser.js:433:10)
    at Parser.write (/home/ec2-user/backend/node_modules/mysql/lib/protocol/Parser.js:43:10)
    at Protocol.write (/home/ec2-user/backend/node_modules/mysql/lib/protocol/Protocol.js:38:16)
    at Socket.<anonymous> (/home/ec2-user/backend/node_modules/mysql/lib/Connection.js:91:28)
    at Socket.<anonymous> (/home/ec2-user/backend/node_modules/mysql/lib/Connection.js:525:10)
    at Socket.emit (events.js:210:5)
    at addChunk (_stream_readable.js:326:12)
    --------------------
    at Protocol._enqueue (/home/ec2-user/backend/node_modules/mysql/lib/protocol/Protocol.js:144:48)
    at Connection.query (/home/ec2-user/backend/node_modules/mysql/lib/Connection.js:201:25)
    at /home/ec2-user/backend/server.js:35:20
    at Layer.handle [as handle_request] (/home/ec2-user/backend/node_modules/express/lib/router/layer.js:95:5)
    at next (/home/ec2-user/backend/node_modules/express/lib/router/route.js:137:13)
    at Route.dispatch (/home/ec2-user/backend/node_modules/express/lib/router/route.js:112:3)
    at Layer.handle [as handle_request] (/home/ec2-user/backend/node_modules/express/lib/router/layer.js:95:5)
    at /home/ec2-user/backend/node_modules/express/lib/router/index.js:281:22
    at Function.process_params (/home/ec2-user/backend/node_modules/express/lib/router/index.js:335:12)
    at next (/home/ec2-user/backend/node_modules/express/lib/router/index.js:275:10)
2019-12-17T07:36:19: PM2 log: App name:API id:0 disconnected
2019-12-17T07:36:19: PM2 log: App [API:0] exited with code [0] via signal [SIGINT]
2019-12-17T07:36:19: PM2 log: App [API:0] starting in -cluster mode-
2019-12-17T07:36:19: PM2 log: App [API:0] online
Server started on port 5000...
Mysql Connected...
Event_ID: profile
Error: ER_BAD_FIELD_ERROR: Unknown column 'profile' in 'where clause'
    at Query.Sequence._packetToError (/home/ec2-user/backend/node_modules/mysql/lib/protocol/sequences/Sequence.js:47:14)
    at Query.ErrorPacket (/home/ec2-user/backend/node_modules/mysql/lib/protocol/sequences/Query.js:77:18)
    at Protocol._parsePacket (/home/ec2-user/backend/node_modules/mysql/lib/protocol/Protocol.js:291:23)
    at Parser._parsePacket (/home/ec2-user/backend/node_modules/mysql/lib/protocol/Parser.js:433:10)
    at Parser.write (/home/ec2-user/backend/node_modules/mysql/lib/protocol/Parser.js:43:10)
    at Protocol.write (/home/ec2-user/backend/node_modules/mysql/lib/protocol/Protocol.js:38:16)
    at Socket.<anonymous> (/home/ec2-user/backend/node_modules/mysql/lib/Connection.js:91:28)
    at Socket.<anonymous> (/home/ec2-user/backend/node_modules/mysql/lib/Connection.js:525:10)
    at Socket.emit (events.js:210:5)
    at addChunk (_stream_readable.js:326:12)
    --------------------
    at Protocol._enqueue (/home/ec2-user/backend/node_modules/mysql/lib/protocol/Protocol.js:144:48)
    at Connection.query (/home/ec2-user/backend/node_modules/mysql/lib/Connection.js:201:25)
    at /home/ec2-user/backend/server.js:35:20
    at Layer.handle [as handle_request] (/home/ec2-user/backend/node_modules/express/lib/router/layer.js:95:5)
    at next (/home/ec2-user/backend/node_modules/express/lib/router/route.js:137:13)
    at Route.dispatch (/home/ec2-user/backend/node_modules/express/lib/router/route.js:112:3)
    at Layer.handle [as handle_request] (/home/ec2-user/backend/node_modules/express/lib/router/layer.js:95:5)
    at /home/ec2-user/backend/node_modules/express/lib/router/index.js:281:22
    at Function.process_params (/home/ec2-user/backend/node_modules/express/lib/router/index.js:335:12)
    at next (/home/ec2-user/backend/node_modules/express/lib/router/index.js:275:10)
2019-12-17T07:36:25: PM2 log: App name:API id:0 disconnected
2019-12-17T07:36:25: PM2 log: App [API:0] exited with code [0] via signal [SIGINT]
2019-12-17T07:36:25: PM2 log: App [API:0] starting in -cluster mode-
2019-12-17T07:36:25: PM2 log: App [API:0] online
Server started on port 5000...
Mysql Connected...
Event_ID: ?fbclid=IwAR36XUv6BmfeB9LBgSGuGRrX1DZBldafjXocjF9QnZUQA8aS1IyyDksYG_w
Error: ER_PARSE_ERROR: You have an error in your SQL syntax; check the manual that corresponds to your MySQL server version for the right syntax to use near 'fbclid=IwAR36XUv6BmfeB9LBgSGuGRrX1DZBldafjXocjF9QnZUQA8aS1IyyDksYG_w' at line 1
    at Query.Sequence._packetToError (/home/ec2-user/backend/node_modules/mysql/lib/protocol/sequences/Sequence.js:47:14)
    at Query.ErrorPacket (/home/ec2-user/backend/node_modules/mysql/lib/protocol/sequences/Query.js:77:18)
    at Protocol._parsePacket (/home/ec2-user/backend/node_modules/mysql/lib/protocol/Protocol.js:291:23)
    at Parser._parsePacket (/home/ec2-user/backend/node_modules/mysql/lib/protocol/Parser.js:433:10)
    at Parser.write (/home/ec2-user/backend/node_modules/mysql/lib/protocol/Parser.js:43:10)
    at Protocol.write (/home/ec2-user/backend/node_modules/mysql/lib/protocol/Protocol.js:38:16)
    at Socket.<anonymous> (/home/ec2-user/backend/node_modules/mysql/lib/Connection.js:91:28)
    at Socket.<anonymous> (/home/ec2-user/backend/node_modules/mysql/lib/Connection.js:525:10)
    at Socket.emit (events.js:210:5)
    at addChunk (_stream_readable.js:326:12)
    --------------------
    at Protocol._enqueue (/home/ec2-user/backend/node_modules/mysql/lib/protocol/Protocol.js:144:48)
    at Connection.query (/home/ec2-user/backend/node_modules/mysql/lib/Connection.js:201:25)
    at /home/ec2-user/backend/server.js:35:20
    at Layer.handle [as handle_request] (/home/ec2-user/backend/node_modules/express/lib/router/layer.js:95:5)
    at next (/home/ec2-user/backend/node_modules/express/lib/router/route.js:137:13)
    at Route.dispatch (/home/ec2-user/backend/node_modules/express/lib/router/route.js:112:3)
    at Layer.handle [as handle_request] (/home/ec2-user/backend/node_modules/express/lib/router/layer.js:95:5)
    at /home/ec2-user/backend/node_modules/express/lib/router/index.js:281:22
    at Function.process_params (/home/ec2-user/backend/node_modules/express/lib/router/index.js:335:12)
    at next (/home/ec2-user/backend/node_modules/express/lib/router/index.js:275:10)
2019-12-17T07:54:39: PM2 log: App name:API id:0 disconnected
2019-12-17T07:54:39: PM2 log: App [API:0] exited with code [0] via signal [SIGINT]
2019-12-17T07:54:39: PM2 log: App [API:0] starting in -cluster mode-
2019-12-17T07:54:39: PM2 log: App [API:0] online
Server started on port 5000...
Mysql Connected...
Event_ID: 100015
Event_ID: ?fbclid=IwAR36XUv6BmfeB9LBgSGuGRrX1DZBldafjXocjF9QnZUQA8aS1IyyDksYG_w
Error: ER_PARSE_ERROR: You have an error in your SQL syntax; check the manual that corresponds to your MySQL server version for the right syntax to use near 'fbclid=IwAR36XUv6BmfeB9LBgSGuGRrX1DZBldafjXocjF9QnZUQA8aS1IyyDksYG_w' at line 1
    at Query.Sequence._packetToError (/home/ec2-user/backend/node_modules/mysql/lib/protocol/sequences/Sequence.js:47:14)
    at Query.ErrorPacket (/home/ec2-user/backend/node_modules/mysql/lib/protocol/sequences/Query.js:77:18)
    at Protocol._parsePacket (/home/ec2-user/backend/node_modules/mysql/lib/protocol/Protocol.js:291:23)
    at Parser._parsePacket (/home/ec2-user/backend/node_modules/mysql/lib/protocol/Parser.js:433:10)
    at Parser.write (/home/ec2-user/backend/node_modules/mysql/lib/protocol/Parser.js:43:10)
    at Protocol.write (/home/ec2-user/backend/node_modules/mysql/lib/protocol/Protocol.js:38:16)
    at Socket.<anonymous> (/home/ec2-user/backend/node_modules/mysql/lib/Connection.js:91:28)
    at Socket.<anonymous> (/home/ec2-user/backend/node_modules/mysql/lib/Connection.js:525:10)
    at Socket.emit (events.js:210:5)
    at addChunk (_stream_readable.js:326:12)
    --------------------
    at Protocol._enqueue (/home/ec2-user/backend/node_modules/mysql/lib/protocol/Protocol.js:144:48)
    at Connection.query (/home/ec2-user/backend/node_modules/mysql/lib/Connection.js:201:25)
    at /home/ec2-user/backend/server.js:35:20
    at Layer.handle [as handle_request] (/home/ec2-user/backend/node_modules/express/lib/router/layer.js:95:5)
    at next (/home/ec2-user/backend/node_modules/express/lib/router/route.js:137:13)
    at Route.dispatch (/home/ec2-user/backend/node_modules/express/lib/router/route.js:112:3)
    at Layer.handle [as handle_request] (/home/ec2-user/backend/node_modules/express/lib/router/layer.js:95:5)
    at /home/ec2-user/backend/node_modules/express/lib/router/index.js:281:22
    at Function.process_params (/home/ec2-user/backend/node_modules/express/lib/router/index.js:335:12)
    at next (/home/ec2-user/backend/node_modules/express/lib/router/index.js:275:10)
2019-12-17T07:54:46: PM2 log: App [API:0] exited with code [0] via signal [SIGINT]
2019-12-17T07:54:46: PM2 log: App [API:0] starting in -cluster mode-
2019-12-17T07:54:47: PM2 log: App [API:0] online
Server started on port 5000...
Mysql Connected...
Event_ID: ?fbclid=IwAR36XUv6BmfeB9LBgSGuGRrX1DZBldafjXocjF9QnZUQA8aS1IyyDksYG_w
Error: ER_PARSE_ERROR: You have an error in your SQL syntax; check the manual that corresponds to your MySQL server version for the right syntax to use near 'fbclid=IwAR36XUv6BmfeB9LBgSGuGRrX1DZBldafjXocjF9QnZUQA8aS1IyyDksYG_w' at line 1
    at Query.Sequence._packetToError (/home/ec2-user/backend/node_modules/mysql/lib/protocol/sequences/Sequence.js:47:14)
    at Query.ErrorPacket (/home/ec2-user/backend/node_modules/mysql/lib/protocol/sequences/Query.js:77:18)
    at Protocol._parsePacket (/home/ec2-user/backend/node_modules/mysql/lib/protocol/Protocol.js:291:23)
    at Parser._parsePacket (/home/ec2-user/backend/node_modules/mysql/lib/protocol/Parser.js:433:10)
    at Parser.write (/home/ec2-user/backend/node_modules/mysql/lib/protocol/Parser.js:43:10)
    at Protocol.write (/home/ec2-user/backend/node_modules/mysql/lib/protocol/Protocol.js:38:16)
    at Socket.<anonymous> (/home/ec2-user/backend/node_modules/mysql/lib/Connection.js:91:28)
    at Socket.<anonymous> (/home/ec2-user/backend/node_modules/mysql/lib/Connection.js:525:10)
    at Socket.emit (events.js:210:5)
    at addChunk (_stream_readable.js:326:12)
    --------------------
    at Protocol._enqueue (/home/ec2-user/backend/node_modules/mysql/lib/protocol/Protocol.js:144:48)
    at Connection.query (/home/ec2-user/backend/node_modules/mysql/lib/Connection.js:201:25)
    at /home/ec2-user/backend/server.js:35:20
    at Layer.handle [as handle_request] (/home/ec2-user/backend/node_modules/express/lib/router/layer.js:95:5)
    at next (/home/ec2-user/backend/node_modules/express/lib/router/route.js:137:13)
    at Route.dispatch (/home/ec2-user/backend/node_modules/express/lib/router/route.js:112:3)
    at Layer.handle [as handle_request] (/home/ec2-user/backend/node_modules/express/lib/router/layer.js:95:5)
    at /home/ec2-user/backend/node_modules/express/lib/router/index.js:281:22
    at Function.process_params (/home/ec2-user/backend/node_modules/express/lib/router/index.js:335:12)
    at next (/home/ec2-user/backend/node_modules/express/lib/router/index.js:275:10)
2019-12-17T07:55:10: PM2 log: App name:API id:0 disconnected
2019-12-17T07:55:10: PM2 log: App [API:0] exited with code [0] via signal [SIGINT]
2019-12-17T07:55:10: PM2 log: App [API:0] starting in -cluster mode-
2019-12-17T07:55:10: PM2 log: App [API:0] online
Server started on port 5000...
Mysql Connected...
Event_ID: 100015
Event_ID: 100015
Event_ID: ?fbclid=IwAR36XUv6BmfeB9LBgSGuGRrX1DZBldafjXocjF9QnZUQA8aS1IyyDksYG_w
Error: ER_PARSE_ERROR: You have an error in your SQL syntax; check the manual that corresponds to your MySQL server version for the right syntax to use near 'fbclid=IwAR36XUv6BmfeB9LBgSGuGRrX1DZBldafjXocjF9QnZUQA8aS1IyyDksYG_w' at line 1
    at Query.Sequence._packetToError (/home/ec2-user/backend/node_modules/mysql/lib/protocol/sequences/Sequence.js:47:14)
    at Query.ErrorPacket (/home/ec2-user/backend/node_modules/mysql/lib/protocol/sequences/Query.js:77:18)
    at Protocol._parsePacket (/home/ec2-user/backend/node_modules/mysql/lib/protocol/Protocol.js:291:23)
    at Parser._parsePacket (/home/ec2-user/backend/node_modules/mysql/lib/protocol/Parser.js:433:10)
    at Parser.write (/home/ec2-user/backend/node_modules/mysql/lib/protocol/Parser.js:43:10)
    at Protocol.write (/home/ec2-user/backend/node_modules/mysql/lib/protocol/Protocol.js:38:16)
    at Socket.<anonymous> (/home/ec2-user/backend/node_modules/mysql/lib/Connection.js:91:28)
    at Socket.<anonymous> (/home/ec2-user/backend/node_modules/mysql/lib/Connection.js:525:10)
    at Socket.emit (events.js:210:5)
    at addChunk (_stream_readable.js:326:12)
    --------------------
    at Protocol._enqueue (/home/ec2-user/backend/node_modules/mysql/lib/protocol/Protocol.js:144:48)
    at Connection.query (/home/ec2-user/backend/node_modules/mysql/lib/Connection.js:201:25)
    at /home/ec2-user/backend/server.js:35:20
    at Layer.handle [as handle_request] (/home/ec2-user/backend/node_modules/express/lib/router/layer.js:95:5)
    at next (/home/ec2-user/backend/node_modules/express/lib/router/route.js:137:13)
    at Route.dispatch (/home/ec2-user/backend/node_modules/express/lib/router/route.js:112:3)
    at Layer.handle [as handle_request] (/home/ec2-user/backend/node_modules/express/lib/router/layer.js:95:5)
    at /home/ec2-user/backend/node_modules/express/lib/router/index.js:281:22
    at Function.process_params (/home/ec2-user/backend/node_modules/express/lib/router/index.js:335:12)
    at next (/home/ec2-user/backend/node_modules/express/lib/router/index.js:275:10)
2019-12-17T07:55:17: PM2 log: App [API:0] exited with code [0] via signal [SIGINT]
2019-12-17T07:55:17: PM2 log: App [API:0] starting in -cluster mode-
2019-12-17T07:55:17: PM2 log: App [API:0] online
Server started on port 5000...
Mysql Connected...
Event_ID: profile
Error: ER_BAD_FIELD_ERROR: Unknown column 'profile' in 'where clause'
    at Query.Sequence._packetToError (/home/ec2-user/backend/node_modules/mysql/lib/protocol/sequences/Sequence.js:47:14)
    at Query.ErrorPacket (/home/ec2-user/backend/node_modules/mysql/lib/protocol/sequences/Query.js:77:18)
    at Protocol._parsePacket (/home/ec2-user/backend/node_modules/mysql/lib/protocol/Protocol.js:291:23)
    at Parser._parsePacket (/home/ec2-user/backend/node_modules/mysql/lib/protocol/Parser.js:433:10)
    at Parser.write (/home/ec2-user/backend/node_modules/mysql/lib/protocol/Parser.js:43:10)
    at Protocol.write (/home/ec2-user/backend/node_modules/mysql/lib/protocol/Protocol.js:38:16)
    at Socket.<anonymous> (/home/ec2-user/backend/node_modules/mysql/lib/Connection.js:91:28)
    at Socket.<anonymous> (/home/ec2-user/backend/node_modules/mysql/lib/Connection.js:525:10)
    at Socket.emit (events.js:210:5)
    at addChunk (_stream_readable.js:326:12)
    --------------------
    at Protocol._enqueue (/home/ec2-user/backend/node_modules/mysql/lib/protocol/Protocol.js:144:48)
    at Connection.query (/home/ec2-user/backend/node_modules/mysql/lib/Connection.js:201:25)
    at /home/ec2-user/backend/server.js:35:20
    at Layer.handle [as handle_request] (/home/ec2-user/backend/node_modules/express/lib/router/layer.js:95:5)
    at next (/home/ec2-user/backend/node_modules/express/lib/router/route.js:137:13)
    at Route.dispatch (/home/ec2-user/backend/node_modules/express/lib/router/route.js:112:3)
    at Layer.handle [as handle_request] (/home/ec2-user/backend/node_modules/express/lib/router/layer.js:95:5)
    at /home/ec2-user/backend/node_modules/express/lib/router/index.js:281:22
    at Function.process_params (/home/ec2-user/backend/node_modules/express/lib/router/index.js:335:12)
    at next (/home/ec2-user/backend/node_modules/express/lib/router/index.js:275:10)
2019-12-17T07:55:21: PM2 log: App name:API id:0 disconnected
2019-12-17T07:55:21: PM2 log: App [API:0] exited with code [0] via signal [SIGINT]
2019-12-17T07:55:21: PM2 log: App [API:0] starting in -cluster mode-
2019-12-17T07:55:21: PM2 log: App [API:0] online
Server started on port 5000...
Mysql Connected...
Event_ID: 100015
Event_ID: 100015
Event_ID: 100015
Event_ID: 100015
Event_ID: 100015
Event_ID: null
Event_ID: 100015
Event_ID: 100015
Event_ID: 100015
Event_ID: 100015
Event_ID: 100015
Event_ID: 100015
Event_ID: 100001
Event_ID: 100001
Event_ID: profile
Error: ER_BAD_FIELD_ERROR: Unknown column 'profile' in 'where clause'
    at Query.Sequence._packetToError (/home/ec2-user/backend/node_modules/mysql/lib/protocol/sequences/Sequence.js:47:14)
    at Query.ErrorPacket (/home/ec2-user/backend/node_modules/mysql/lib/protocol/sequences/Query.js:77:18)
    at Protocol._parsePacket (/home/ec2-user/backend/node_modules/mysql/lib/protocol/Protocol.js:291:23)
    at Parser._parsePacket (/home/ec2-user/backend/node_modules/mysql/lib/protocol/Parser.js:433:10)
    at Parser.write (/home/ec2-user/backend/node_modules/mysql/lib/protocol/Parser.js:43:10)
    at Protocol.write (/home/ec2-user/backend/node_modules/mysql/lib/protocol/Protocol.js:38:16)
    at Socket.<anonymous> (/home/ec2-user/backend/node_modules/mysql/lib/Connection.js:91:28)
    at Socket.<anonymous> (/home/ec2-user/backend/node_modules/mysql/lib/Connection.js:525:10)
    at Socket.emit (events.js:210:5)
    at addChunk (_stream_readable.js:326:12)
    --------------------
    at Protocol._enqueue (/home/ec2-user/backend/node_modules/mysql/lib/protocol/Protocol.js:144:48)
    at Connection.query (/home/ec2-user/backend/node_modules/mysql/lib/Connection.js:201:25)
    at /home/ec2-user/backend/server.js:35:20
    at Layer.handle [as handle_request] (/home/ec2-user/backend/node_modules/express/lib/router/layer.js:95:5)
    at next (/home/ec2-user/backend/node_modules/express/lib/router/route.js:137:13)
    at Route.dispatch (/home/ec2-user/backend/node_modules/express/lib/router/route.js:112:3)
    at Layer.handle [as handle_request] (/home/ec2-user/backend/node_modules/express/lib/router/layer.js:95:5)
    at /home/ec2-user/backend/node_modules/express/lib/router/index.js:281:22
    at Function.process_params (/home/ec2-user/backend/node_modules/express/lib/router/index.js:335:12)
    at next (/home/ec2-user/backend/node_modules/express/lib/router/index.js:275:10)
2019-12-17T08:12:42: PM2 log: App name:API id:0 disconnected
2019-12-17T08:12:42: PM2 log: App [API:0] exited with code [0] via signal [SIGINT]
2019-12-17T08:12:42: PM2 log: App [API:0] starting in -cluster mode-
2019-12-17T08:12:42: PM2 log: App [API:0] online
Server started on port 5000...
Mysql Connected...
Event_ID: TermsandConditions
Error: ER_BAD_FIELD_ERROR: Unknown column 'TermsandConditions' in 'where clause'
    at Query.Sequence._packetToError (/home/ec2-user/backend/node_modules/mysql/lib/protocol/sequences/Sequence.js:47:14)
    at Query.ErrorPacket (/home/ec2-user/backend/node_modules/mysql/lib/protocol/sequences/Query.js:77:18)
    at Protocol._parsePacket (/home/ec2-user/backend/node_modules/mysql/lib/protocol/Protocol.js:291:23)
    at Parser._parsePacket (/home/ec2-user/backend/node_modules/mysql/lib/protocol/Parser.js:433:10)
    at Parser.write (/home/ec2-user/backend/node_modules/mysql/lib/protocol/Parser.js:43:10)
    at Protocol.write (/home/ec2-user/backend/node_modules/mysql/lib/protocol/Protocol.js:38:16)
    at Socket.<anonymous> (/home/ec2-user/backend/node_modules/mysql/lib/Connection.js:91:28)
    at Socket.<anonymous> (/home/ec2-user/backend/node_modules/mysql/lib/Connection.js:525:10)
    at Socket.emit (events.js:210:5)
    at addChunk (_stream_readable.js:326:12)
    --------------------
    at Protocol._enqueue (/home/ec2-user/backend/node_modules/mysql/lib/protocol/Protocol.js:144:48)
    at Connection.query (/home/ec2-user/backend/node_modules/mysql/lib/Connection.js:201:25)
    at /home/ec2-user/backend/server.js:35:20
    at Layer.handle [as handle_request] (/home/ec2-user/backend/node_modules/express/lib/router/layer.js:95:5)
    at next (/home/ec2-user/backend/node_modules/express/lib/router/route.js:137:13)
    at Route.dispatch (/home/ec2-user/backend/node_modules/express/lib/router/route.js:112:3)
    at Layer.handle [as handle_request] (/home/ec2-user/backend/node_modules/express/lib/router/layer.js:95:5)
    at /home/ec2-user/backend/node_modules/express/lib/router/index.js:281:22
    at Function.process_params (/home/ec2-user/backend/node_modules/express/lib/router/index.js:335:12)
    at next (/home/ec2-user/backend/node_modules/express/lib/router/index.js:275:10)
2019-12-17T08:13:05: PM2 log: App name:API id:0 disconnected
2019-12-17T08:13:05: PM2 log: App [API:0] exited with code [0] via signal [SIGINT]
2019-12-17T08:13:05: PM2 log: App [API:0] starting in -cluster mode-
2019-12-17T08:13:05: PM2 log: App [API:0] online
Server started on port 5000...
Mysql Connected...
Event_ID: profile
Error: ER_BAD_FIELD_ERROR: Unknown column 'profile' in 'where clause'
    at Query.Sequence._packetToError (/home/ec2-user/backend/node_modules/mysql/lib/protocol/sequences/Sequence.js:47:14)
    at Query.ErrorPacket (/home/ec2-user/backend/node_modules/mysql/lib/protocol/sequences/Query.js:77:18)
    at Protocol._parsePacket (/home/ec2-user/backend/node_modules/mysql/lib/protocol/Protocol.js:291:23)
    at Parser._parsePacket (/home/ec2-user/backend/node_modules/mysql/lib/protocol/Parser.js:433:10)
    at Parser.write (/home/ec2-user/backend/node_modules/mysql/lib/protocol/Parser.js:43:10)
    at Protocol.write (/home/ec2-user/backend/node_modules/mysql/lib/protocol/Protocol.js:38:16)
    at Socket.<anonymous> (/home/ec2-user/backend/node_modules/mysql/lib/Connection.js:91:28)
    at Socket.<anonymous> (/home/ec2-user/backend/node_modules/mysql/lib/Connection.js:525:10)
    at Socket.emit (events.js:210:5)
    at addChunk (_stream_readable.js:326:12)
    --------------------
    at Protocol._enqueue (/home/ec2-user/backend/node_modules/mysql/lib/protocol/Protocol.js:144:48)
    at Connection.query (/home/ec2-user/backend/node_modules/mysql/lib/Connection.js:201:25)
    at /home/ec2-user/backend/server.js:35:20
    at Layer.handle [as handle_request] (/home/ec2-user/backend/node_modules/express/lib/router/layer.js:95:5)
    at next (/home/ec2-user/backend/node_modules/express/lib/router/route.js:137:13)
    at Route.dispatch (/home/ec2-user/backend/node_modules/express/lib/router/route.js:112:3)
    at Layer.handle [as handle_request] (/home/ec2-user/backend/node_modules/express/lib/router/layer.js:95:5)
    at /home/ec2-user/backend/node_modules/express/lib/router/index.js:281:22
    at Function.process_params (/home/ec2-user/backend/node_modules/express/lib/router/index.js:335:12)
    at next (/home/ec2-user/backend/node_modules/express/lib/router/index.js:275:10)
2019-12-17T08:13:08: PM2 log: App name:API id:0 disconnected
2019-12-17T08:13:08: PM2 log: App [API:0] exited with code [0] via signal [SIGINT]
2019-12-17T08:13:08: PM2 log: App [API:0] starting in -cluster mode-
2019-12-17T08:13:08: PM2 log: App [API:0] online
Server started on port 5000...
Mysql Connected...
Event_ID: 100001
Event_ID: 100001
Event_ID: profile
Error: ER_BAD_FIELD_ERROR: Unknown column 'profile' in 'where clause'
    at Query.Sequence._packetToError (/home/ec2-user/backend/node_modules/mysql/lib/protocol/sequences/Sequence.js:47:14)
    at Query.ErrorPacket (/home/ec2-user/backend/node_modules/mysql/lib/protocol/sequences/Query.js:77:18)
    at Protocol._parsePacket (/home/ec2-user/backend/node_modules/mysql/lib/protocol/Protocol.js:291:23)
    at Parser._parsePacket (/home/ec2-user/backend/node_modules/mysql/lib/protocol/Parser.js:433:10)
    at Parser.write (/home/ec2-user/backend/node_modules/mysql/lib/protocol/Parser.js:43:10)
    at Protocol.write (/home/ec2-user/backend/node_modules/mysql/lib/protocol/Protocol.js:38:16)
    at Socket.<anonymous> (/home/ec2-user/backend/node_modules/mysql/lib/Connection.js:91:28)
    at Socket.<anonymous> (/home/ec2-user/backend/node_modules/mysql/lib/Connection.js:525:10)
    at Socket.emit (events.js:210:5)
    at addChunk (_stream_readable.js:326:12)
    --------------------
    at Protocol._enqueue (/home/ec2-user/backend/node_modules/mysql/lib/protocol/Protocol.js:144:48)
    at Connection.query (/home/ec2-user/backend/node_modules/mysql/lib/Connection.js:201:25)
    at /home/ec2-user/backend/server.js:35:20
    at Layer.handle [as handle_request] (/home/ec2-user/backend/node_modules/express/lib/router/layer.js:95:5)
    at next (/home/ec2-user/backend/node_modules/express/lib/router/route.js:137:13)
    at Route.dispatch (/home/ec2-user/backend/node_modules/express/lib/router/route.js:112:3)
    at Layer.handle [as handle_request] (/home/ec2-user/backend/node_modules/express/lib/router/layer.js:95:5)
    at /home/ec2-user/backend/node_modules/express/lib/router/index.js:281:22
    at Function.process_params (/home/ec2-user/backend/node_modules/express/lib/router/index.js:335:12)
    at next (/home/ec2-user/backend/node_modules/express/lib/router/index.js:275:10)
2019-12-17T08:13:14: PM2 log: App name:API id:0 disconnected
2019-12-17T08:13:14: PM2 log: App [API:0] exited with code [0] via signal [SIGINT]
2019-12-17T08:13:14: PM2 log: App [API:0] starting in -cluster mode-
2019-12-17T08:13:14: PM2 log: App [API:0] online
Server started on port 5000...
Mysql Connected...
Event_ID: 100015
Event_ID: 100015
Event_ID: 100015
Event_ID: 100015
Error: Connection lost: The server closed the connection.
    at Protocol.end (/home/ec2-user/backend/node_modules/mysql/lib/protocol/Protocol.js:112:13)
    at Socket.<anonymous> (/home/ec2-user/backend/node_modules/mysql/lib/Connection.js:97:28)
    at Socket.<anonymous> (/home/ec2-user/backend/node_modules/mysql/lib/Connection.js:525:10)
    at Socket.emit (events.js:215:7)
    at endReadableNT (_stream_readable.js:1200:12)
    at processTicksAndRejections (internal/process/task_queues.js:80:21)
2019-12-17T20:21:39: PM2 log: App name:API id:0 disconnected
2019-12-17T20:21:39: PM2 log: App [API:0] exited with code [0] via signal [SIGINT]
2019-12-17T20:21:39: PM2 log: App [API:0] starting in -cluster mode-
2019-12-17T20:21:39: PM2 log: App [API:0] online
Server started on port 5000...
Mysql Connected...
Event_ID: 100015
Event_ID: 100015
Event_ID: 100015
Event_ID: 100015
Event_ID: 100015
Event_ID: 100015
Event_ID: 100015
Event_ID: 100015
Event_ID: 100015
Event_ID: 100015
Event_ID: 100015
Event_ID: 100015
Event_ID: 100015
Event_ID: 100015
Event_ID: profile
Error: ER_BAD_FIELD_ERROR: Unknown column 'profile' in 'where clause'
    at Query.Sequence._packetToError (/home/ec2-user/backend/node_modules/mysql/lib/protocol/sequences/Sequence.js:47:14)
    at Query.ErrorPacket (/home/ec2-user/backend/node_modules/mysql/lib/protocol/sequences/Query.js:77:18)
    at Protocol._parsePacket (/home/ec2-user/backend/node_modules/mysql/lib/protocol/Protocol.js:291:23)
    at Parser._parsePacket (/home/ec2-user/backend/node_modules/mysql/lib/protocol/Parser.js:433:10)
    at Parser.write (/home/ec2-user/backend/node_modules/mysql/lib/protocol/Parser.js:43:10)
    at Protocol.write (/home/ec2-user/backend/node_modules/mysql/lib/protocol/Protocol.js:38:16)
    at Socket.<anonymous> (/home/ec2-user/backend/node_modules/mysql/lib/Connection.js:91:28)
    at Socket.<anonymous> (/home/ec2-user/backend/node_modules/mysql/lib/Connection.js:525:10)
    at Socket.emit (events.js:210:5)
    at addChunk (_stream_readable.js:326:12)
    --------------------
    at Protocol._enqueue (/home/ec2-user/backend/node_modules/mysql/lib/protocol/Protocol.js:144:48)
    at Connection.query (/home/ec2-user/backend/node_modules/mysql/lib/Connection.js:201:25)
    at /home/ec2-user/backend/server.js:35:20
    at Layer.handle [as handle_request] (/home/ec2-user/backend/node_modules/express/lib/router/layer.js:95:5)
    at next (/home/ec2-user/backend/node_modules/express/lib/router/route.js:137:13)
    at Route.dispatch (/home/ec2-user/backend/node_modules/express/lib/router/route.js:112:3)
    at Layer.handle [as handle_request] (/home/ec2-user/backend/node_modules/express/lib/router/layer.js:95:5)
    at /home/ec2-user/backend/node_modules/express/lib/router/index.js:281:22
    at Function.process_params (/home/ec2-user/backend/node_modules/express/lib/router/index.js:335:12)
    at next (/home/ec2-user/backend/node_modules/express/lib/router/index.js:275:10)
2019-12-17T21:10:42: PM2 log: App name:API id:0 disconnected
2019-12-17T21:10:42: PM2 log: App [API:0] exited with code [0] via signal [SIGINT]
2019-12-17T21:10:42: PM2 log: App [API:0] starting in -cluster mode-
2019-12-17T21:10:42: PM2 log: App [API:0] online
Server started on port 5000...
Mysql Connected...
Event_ID: 100015
Event_ID: profile
Error: ER_BAD_FIELD_ERROR: Unknown column 'profile' in 'where clause'
    at Query.Sequence._packetToError (/home/ec2-user/backend/node_modules/mysql/lib/protocol/sequences/Sequence.js:47:14)
    at Query.ErrorPacket (/home/ec2-user/backend/node_modules/mysql/lib/protocol/sequences/Query.js:77:18)
    at Protocol._parsePacket (/home/ec2-user/backend/node_modules/mysql/lib/protocol/Protocol.js:291:23)
    at Parser._parsePacket (/home/ec2-user/backend/node_modules/mysql/lib/protocol/Parser.js:433:10)
    at Parser.write (/home/ec2-user/backend/node_modules/mysql/lib/protocol/Parser.js:43:10)
    at Protocol.write (/home/ec2-user/backend/node_modules/mysql/lib/protocol/Protocol.js:38:16)
    at Socket.<anonymous> (/home/ec2-user/backend/node_modules/mysql/lib/Connection.js:91:28)
    at Socket.<anonymous> (/home/ec2-user/backend/node_modules/mysql/lib/Connection.js:525:10)
    at Socket.emit (events.js:210:5)
    at addChunk (_stream_readable.js:326:12)
    --------------------
    at Protocol._enqueue (/home/ec2-user/backend/node_modules/mysql/lib/protocol/Protocol.js:144:48)
    at Connection.query (/home/ec2-user/backend/node_modules/mysql/lib/Connection.js:201:25)
    at /home/ec2-user/backend/server.js:35:20
    at Layer.handle [as handle_request] (/home/ec2-user/backend/node_modules/express/lib/router/layer.js:95:5)
    at next (/home/ec2-user/backend/node_modules/express/lib/router/route.js:137:13)
    at Route.dispatch (/home/ec2-user/backend/node_modules/express/lib/router/route.js:112:3)
    at Layer.handle [as handle_request] (/home/ec2-user/backend/node_modules/express/lib/router/layer.js:95:5)
    at /home/ec2-user/backend/node_modules/express/lib/router/index.js:281:22
    at Function.process_params (/home/ec2-user/backend/node_modules/express/lib/router/index.js:335:12)
    at next (/home/ec2-user/backend/node_modules/express/lib/router/index.js:275:10)
2019-12-17T21:11:00: PM2 log: App name:API id:0 disconnected
2019-12-17T21:11:00: PM2 log: App [API:0] exited with code [0] via signal [SIGINT]
2019-12-17T21:11:00: PM2 log: App [API:0] starting in -cluster mode-
2019-12-17T21:11:00: PM2 log: App [API:0] online
Server started on port 5000...
Mysql Connected...
Event_ID: 100015
Event_ID: 100015
Event_ID: profile
Error: ER_BAD_FIELD_ERROR: Unknown column 'profile' in 'where clause'
    at Query.Sequence._packetToError (/home/ec2-user/backend/node_modules/mysql/lib/protocol/sequences/Sequence.js:47:14)
    at Query.ErrorPacket (/home/ec2-user/backend/node_modules/mysql/lib/protocol/sequences/Query.js:77:18)
    at Protocol._parsePacket (/home/ec2-user/backend/node_modules/mysql/lib/protocol/Protocol.js:291:23)
    at Parser._parsePacket (/home/ec2-user/backend/node_modules/mysql/lib/protocol/Parser.js:433:10)
    at Parser.write (/home/ec2-user/backend/node_modules/mysql/lib/protocol/Parser.js:43:10)
    at Protocol.write (/home/ec2-user/backend/node_modules/mysql/lib/protocol/Protocol.js:38:16)
    at Socket.<anonymous> (/home/ec2-user/backend/node_modules/mysql/lib/Connection.js:91:28)
    at Socket.<anonymous> (/home/ec2-user/backend/node_modules/mysql/lib/Connection.js:525:10)
    at Socket.emit (events.js:210:5)
    at addChunk (_stream_readable.js:326:12)
    --------------------
    at Protocol._enqueue (/home/ec2-user/backend/node_modules/mysql/lib/protocol/Protocol.js:144:48)
    at Connection.query (/home/ec2-user/backend/node_modules/mysql/lib/Connection.js:201:25)
    at /home/ec2-user/backend/server.js:35:20
    at Layer.handle [as handle_request] (/home/ec2-user/backend/node_modules/express/lib/router/layer.js:95:5)
    at next (/home/ec2-user/backend/node_modules/express/lib/router/route.js:137:13)
    at Route.dispatch (/home/ec2-user/backend/node_modules/express/lib/router/route.js:112:3)
    at Layer.handle [as handle_request] (/home/ec2-user/backend/node_modules/express/lib/router/layer.js:95:5)
    at /home/ec2-user/backend/node_modules/express/lib/router/index.js:281:22
    at Function.process_params (/home/ec2-user/backend/node_modules/express/lib/router/index.js:335:12)
    at next (/home/ec2-user/backend/node_modules/express/lib/router/index.js:275:10)
2019-12-17T21:11:27: PM2 log: App name:API id:0 disconnected
2019-12-17T21:11:27: PM2 log: App [API:0] exited with code [0] via signal [SIGINT]
2019-12-17T21:11:27: PM2 log: App [API:0] starting in -cluster mode-
2019-12-17T21:11:27: PM2 log: App [API:0] online
Server started on port 5000...
Mysql Connected...
Event_ID: 100015
Event_ID: 100015
Event_ID: 100015
Event_ID: 100015
Event_ID: 100015
Event_ID: 100015
Event_ID: profile
Error: ER_BAD_FIELD_ERROR: Unknown column 'profile' in 'where clause'
    at Query.Sequence._packetToError (/home/ec2-user/backend/node_modules/mysql/lib/protocol/sequences/Sequence.js:47:14)
    at Query.ErrorPacket (/home/ec2-user/backend/node_modules/mysql/lib/protocol/sequences/Query.js:77:18)
    at Protocol._parsePacket (/home/ec2-user/backend/node_modules/mysql/lib/protocol/Protocol.js:291:23)
    at Parser._parsePacket (/home/ec2-user/backend/node_modules/mysql/lib/protocol/Parser.js:433:10)
    at Parser.write (/home/ec2-user/backend/node_modules/mysql/lib/protocol/Parser.js:43:10)
    at Protocol.write (/home/ec2-user/backend/node_modules/mysql/lib/protocol/Protocol.js:38:16)
    at Socket.<anonymous> (/home/ec2-user/backend/node_modules/mysql/lib/Connection.js:91:28)
    at Socket.<anonymous> (/home/ec2-user/backend/node_modules/mysql/lib/Connection.js:525:10)
    at Socket.emit (events.js:210:5)
    at addChunk (_stream_readable.js:326:12)
    --------------------
    at Protocol._enqueue (/home/ec2-user/backend/node_modules/mysql/lib/protocol/Protocol.js:144:48)
    at Connection.query (/home/ec2-user/backend/node_modules/mysql/lib/Connection.js:201:25)
    at /home/ec2-user/backend/server.js:35:20
    at Layer.handle [as handle_request] (/home/ec2-user/backend/node_modules/express/lib/router/layer.js:95:5)
    at next (/home/ec2-user/backend/node_modules/express/lib/router/route.js:137:13)
    at Route.dispatch (/home/ec2-user/backend/node_modules/express/lib/router/route.js:112:3)
    at Layer.handle [as handle_request] (/home/ec2-user/backend/node_modules/express/lib/router/layer.js:95:5)
    at /home/ec2-user/backend/node_modules/express/lib/router/index.js:281:22
    at Function.process_params (/home/ec2-user/backend/node_modules/express/lib/router/index.js:335:12)
    at next (/home/ec2-user/backend/node_modules/express/lib/router/index.js:275:10)
2019-12-17T21:11:59: PM2 log: App name:API id:0 disconnected
2019-12-17T21:11:59: PM2 log: App [API:0] exited with code [0] via signal [SIGINT]
2019-12-17T21:11:59: PM2 log: App [API:0] starting in -cluster mode-
2019-12-17T21:11:59: PM2 log: App [API:0] online
Server started on port 5000...
Mysql Connected...
Event_ID: 100015
Event_ID: 100015
Event_ID: 100015
Event_ID: 100015
Event_ID: profile
Error: ER_BAD_FIELD_ERROR: Unknown column 'profile' in 'where clause'
    at Query.Sequence._packetToError (/home/ec2-user/backend/node_modules/mysql/lib/protocol/sequences/Sequence.js:47:14)
    at Query.ErrorPacket (/home/ec2-user/backend/node_modules/mysql/lib/protocol/sequences/Query.js:77:18)
    at Protocol._parsePacket (/home/ec2-user/backend/node_modules/mysql/lib/protocol/Protocol.js:291:23)
    at Parser._parsePacket (/home/ec2-user/backend/node_modules/mysql/lib/protocol/Parser.js:433:10)
    at Parser.write (/home/ec2-user/backend/node_modules/mysql/lib/protocol/Parser.js:43:10)
    at Protocol.write (/home/ec2-user/backend/node_modules/mysql/lib/protocol/Protocol.js:38:16)
    at Socket.<anonymous> (/home/ec2-user/backend/node_modules/mysql/lib/Connection.js:91:28)
    at Socket.<anonymous> (/home/ec2-user/backend/node_modules/mysql/lib/Connection.js:525:10)
    at Socket.emit (events.js:210:5)
    at addChunk (_stream_readable.js:326:12)
    --------------------
    at Protocol._enqueue (/home/ec2-user/backend/node_modules/mysql/lib/protocol/Protocol.js:144:48)
    at Connection.query (/home/ec2-user/backend/node_modules/mysql/lib/Connection.js:201:25)
    at /home/ec2-user/backend/server.js:35:20
    at Layer.handle [as handle_request] (/home/ec2-user/backend/node_modules/express/lib/router/layer.js:95:5)
    at next (/home/ec2-user/backend/node_modules/express/lib/router/route.js:137:13)
    at Route.dispatch (/home/ec2-user/backend/node_modules/express/lib/router/route.js:112:3)
    at Layer.handle [as handle_request] (/home/ec2-user/backend/node_modules/express/lib/router/layer.js:95:5)
    at /home/ec2-user/backend/node_modules/express/lib/router/index.js:281:22
    at Function.process_params (/home/ec2-user/backend/node_modules/express/lib/router/index.js:335:12)
    at next (/home/ec2-user/backend/node_modules/express/lib/router/index.js:275:10)
2019-12-17T21:12:29: PM2 log: App name:API id:0 disconnected
2019-12-17T21:12:29: PM2 log: App [API:0] exited with code [0] via signal [SIGINT]
2019-12-17T21:12:29: PM2 log: App [API:0] starting in -cluster mode-
2019-12-17T21:12:29: PM2 log: App [API:0] online
Server started on port 5000...
Mysql Connected...
Event_ID: 100015
Event_ID: 100015
Event_ID: 100015
Event_ID: 100015
Event_ID: 100015
Event_ID: 100015
Event_ID: 100015
Event_ID: 100015
Event_ID: 100015
Event_ID: 100015
Event_ID: 100015
Event_ID: 100015
Event_ID: 100015
Event_ID: 100015
Event_ID: 100015
Event_ID: 100015
Event_ID: 100015
Event_ID: 100018
Event_ID: 100018
Event_ID: 100018
Event_ID: 100018
Event_ID: 100018
Event_ID: 100018
Event_ID: 100015
Event_ID: 100015
Event_ID: 100015
Event_ID: 100015
Event_ID: 100015
Event_ID: 100015
Event_ID: 100015
Event_ID: profile
Error: ER_BAD_FIELD_ERROR: Unknown column 'profile' in 'where clause'
    at Query.Sequence._packetToError (/home/ec2-user/backend/node_modules/mysql/lib/protocol/sequences/Sequence.js:47:14)
    at Query.ErrorPacket (/home/ec2-user/backend/node_modules/mysql/lib/protocol/sequences/Query.js:77:18)
    at Protocol._parsePacket (/home/ec2-user/backend/node_modules/mysql/lib/protocol/Protocol.js:291:23)
    at Parser._parsePacket (/home/ec2-user/backend/node_modules/mysql/lib/protocol/Parser.js:433:10)
    at Parser.write (/home/ec2-user/backend/node_modules/mysql/lib/protocol/Parser.js:43:10)
    at Protocol.write (/home/ec2-user/backend/node_modules/mysql/lib/protocol/Protocol.js:38:16)
    at Socket.<anonymous> (/home/ec2-user/backend/node_modules/mysql/lib/Connection.js:91:28)
    at Socket.<anonymous> (/home/ec2-user/backend/node_modules/mysql/lib/Connection.js:525:10)
    at Socket.emit (events.js:210:5)
    at addChunk (_stream_readable.js:326:12)
    --------------------
    at Protocol._enqueue (/home/ec2-user/backend/node_modules/mysql/lib/protocol/Protocol.js:144:48)
    at Connection.query (/home/ec2-user/backend/node_modules/mysql/lib/Connection.js:201:25)
    at /home/ec2-user/backend/server.js:35:20
    at Layer.handle [as handle_request] (/home/ec2-user/backend/node_modules/express/lib/router/layer.js:95:5)
    at next (/home/ec2-user/backend/node_modules/express/lib/router/route.js:137:13)
    at Route.dispatch (/home/ec2-user/backend/node_modules/express/lib/router/route.js:112:3)
    at Layer.handle [as handle_request] (/home/ec2-user/backend/node_modules/express/lib/router/layer.js:95:5)
    at /home/ec2-user/backend/node_modules/express/lib/router/index.js:281:22
    at Function.process_params (/home/ec2-user/backend/node_modules/express/lib/router/index.js:335:12)
    at next (/home/ec2-user/backend/node_modules/express/lib/router/index.js:275:10)
2019-12-17T22:27:00: PM2 log: App name:API id:0 disconnected
2019-12-17T22:27:00: PM2 log: App [API:0] exited with code [0] via signal [SIGINT]
2019-12-17T22:27:00: PM2 log: App [API:0] starting in -cluster mode-
2019-12-17T22:27:00: PM2 log: App [API:0] online
Server started on port 5000...
Mysql Connected...
Event_ID: profile
Error: ER_BAD_FIELD_ERROR: Unknown column 'profile' in 'where clause'
    at Query.Sequence._packetToError (/home/ec2-user/backend/node_modules/mysql/lib/protocol/sequences/Sequence.js:47:14)
    at Query.ErrorPacket (/home/ec2-user/backend/node_modules/mysql/lib/protocol/sequences/Query.js:77:18)
    at Protocol._parsePacket (/home/ec2-user/backend/node_modules/mysql/lib/protocol/Protocol.js:291:23)
    at Parser._parsePacket (/home/ec2-user/backend/node_modules/mysql/lib/protocol/Parser.js:433:10)
    at Parser.write (/home/ec2-user/backend/node_modules/mysql/lib/protocol/Parser.js:43:10)
    at Protocol.write (/home/ec2-user/backend/node_modules/mysql/lib/protocol/Protocol.js:38:16)
    at Socket.<anonymous> (/home/ec2-user/backend/node_modules/mysql/lib/Connection.js:91:28)
    at Socket.<anonymous> (/home/ec2-user/backend/node_modules/mysql/lib/Connection.js:525:10)
    at Socket.emit (events.js:210:5)
    at addChunk (_stream_readable.js:326:12)
    --------------------
    at Protocol._enqueue (/home/ec2-user/backend/node_modules/mysql/lib/protocol/Protocol.js:144:48)
    at Connection.query (/home/ec2-user/backend/node_modules/mysql/lib/Connection.js:201:25)
    at /home/ec2-user/backend/server.js:35:20
    at Layer.handle [as handle_request] (/home/ec2-user/backend/node_modules/express/lib/router/layer.js:95:5)
    at next (/home/ec2-user/backend/node_modules/express/lib/router/route.js:137:13)
    at Route.dispatch (/home/ec2-user/backend/node_modules/express/lib/router/route.js:112:3)
    at Layer.handle [as handle_request] (/home/ec2-user/backend/node_modules/express/lib/router/layer.js:95:5)
    at /home/ec2-user/backend/node_modules/express/lib/router/index.js:281:22
    at Function.process_params (/home/ec2-user/backend/node_modules/express/lib/router/index.js:335:12)
    at next (/home/ec2-user/backend/node_modules/express/lib/router/index.js:275:10)
2019-12-17T22:27:09: PM2 log: App name:API id:0 disconnected
2019-12-17T22:27:09: PM2 log: App [API:0] exited with code [0] via signal [SIGINT]
2019-12-17T22:27:09: PM2 log: App [API:0] starting in -cluster mode-
2019-12-17T22:27:09: PM2 log: App [API:0] online
Server started on port 5000...
Mysql Connected...
Event_ID: 100015
Event_ID: 100015
Event_ID: profile
Error: ER_BAD_FIELD_ERROR: Unknown column 'profile' in 'where clause'
    at Query.Sequence._packetToError (/home/ec2-user/backend/node_modules/mysql/lib/protocol/sequences/Sequence.js:47:14)
    at Query.ErrorPacket (/home/ec2-user/backend/node_modules/mysql/lib/protocol/sequences/Query.js:77:18)
    at Protocol._parsePacket (/home/ec2-user/backend/node_modules/mysql/lib/protocol/Protocol.js:291:23)
    at Parser._parsePacket (/home/ec2-user/backend/node_modules/mysql/lib/protocol/Parser.js:433:10)
    at Parser.write (/home/ec2-user/backend/node_modules/mysql/lib/protocol/Parser.js:43:10)
    at Protocol.write (/home/ec2-user/backend/node_modules/mysql/lib/protocol/Protocol.js:38:16)
    at Socket.<anonymous> (/home/ec2-user/backend/node_modules/mysql/lib/Connection.js:91:28)
    at Socket.<anonymous> (/home/ec2-user/backend/node_modules/mysql/lib/Connection.js:525:10)
    at Socket.emit (events.js:210:5)
    at addChunk (_stream_readable.js:326:12)
    --------------------
    at Protocol._enqueue (/home/ec2-user/backend/node_modules/mysql/lib/protocol/Protocol.js:144:48)
    at Connection.query (/home/ec2-user/backend/node_modules/mysql/lib/Connection.js:201:25)
    at /home/ec2-user/backend/server.js:35:20
    at Layer.handle [as handle_request] (/home/ec2-user/backend/node_modules/express/lib/router/layer.js:95:5)
    at next (/home/ec2-user/backend/node_modules/express/lib/router/route.js:137:13)
    at Route.dispatch (/home/ec2-user/backend/node_modules/express/lib/router/route.js:112:3)
    at Layer.handle [as handle_request] (/home/ec2-user/backend/node_modules/express/lib/router/layer.js:95:5)
    at /home/ec2-user/backend/node_modules/express/lib/router/index.js:281:22
    at Function.process_params (/home/ec2-user/backend/node_modules/express/lib/router/index.js:335:12)
    at next (/home/ec2-user/backend/node_modules/express/lib/router/index.js:275:10)
2019-12-17T22:27:25: PM2 log: App name:API id:0 disconnected
2019-12-17T22:27:25: PM2 log: App [API:0] exited with code [0] via signal [SIGINT]
2019-12-17T22:27:25: PM2 log: App [API:0] starting in -cluster mode-
2019-12-17T22:27:25: PM2 log: App [API:0] online
Server started on port 5000...
Mysql Connected...
Event_ID: 100015
Event_ID: 100015
Event_ID: 100015
Event_ID: 100015
Event_ID: 100019
Event_ID: 100015
Event_ID: 100015
Event_ID: 100015
Event_ID: 100015
Event_ID: 100015
Event_ID: 100001
Event_ID: 100001
Event_ID: 100015
Event_ID: 100015
Event_ID: profile
Error: ER_BAD_FIELD_ERROR: Unknown column 'profile' in 'where clause'
    at Query.Sequence._packetToError (/home/ec2-user/backend/node_modules/mysql/lib/protocol/sequences/Sequence.js:47:14)
    at Query.ErrorPacket (/home/ec2-user/backend/node_modules/mysql/lib/protocol/sequences/Query.js:77:18)
    at Protocol._parsePacket (/home/ec2-user/backend/node_modules/mysql/lib/protocol/Protocol.js:291:23)
    at Parser._parsePacket (/home/ec2-user/backend/node_modules/mysql/lib/protocol/Parser.js:433:10)
    at Parser.write (/home/ec2-user/backend/node_modules/mysql/lib/protocol/Parser.js:43:10)
    at Protocol.write (/home/ec2-user/backend/node_modules/mysql/lib/protocol/Protocol.js:38:16)
    at Socket.<anonymous> (/home/ec2-user/backend/node_modules/mysql/lib/Connection.js:91:28)
    at Socket.<anonymous> (/home/ec2-user/backend/node_modules/mysql/lib/Connection.js:525:10)
    at Socket.emit (events.js:210:5)
    at addChunk (_stream_readable.js:326:12)
    --------------------
    at Protocol._enqueue (/home/ec2-user/backend/node_modules/mysql/lib/protocol/Protocol.js:144:48)
    at Connection.query (/home/ec2-user/backend/node_modules/mysql/lib/Connection.js:201:25)
    at /home/ec2-user/backend/server.js:35:20
    at Layer.handle [as handle_request] (/home/ec2-user/backend/node_modules/express/lib/router/layer.js:95:5)
    at next (/home/ec2-user/backend/node_modules/express/lib/router/route.js:137:13)
    at Route.dispatch (/home/ec2-user/backend/node_modules/express/lib/router/route.js:112:3)
    at Layer.handle [as handle_request] (/home/ec2-user/backend/node_modules/express/lib/router/layer.js:95:5)
    at /home/ec2-user/backend/node_modules/express/lib/router/index.js:281:22
    at Function.process_params (/home/ec2-user/backend/node_modules/express/lib/router/index.js:335:12)
    at next (/home/ec2-user/backend/node_modules/express/lib/router/index.js:275:10)
2019-12-18T08:58:06: PM2 log: App name:API id:0 disconnected
2019-12-18T08:58:06: PM2 log: App [API:0] exited with code [0] via signal [SIGINT]
2019-12-18T08:58:06: PM2 log: App [API:0] starting in -cluster mode-
2019-12-18T08:58:06: PM2 log: App [API:0] online
Server started on port 5000...
Mysql Connected...
Event_ID: 100002
Event_ID: 100002
Event_ID: 100015
Event_ID: 100015
Event_ID: 100015
Event_ID: 100015
Event_ID: 100018
Event_ID: 100018
Event_ID: 100015
Event_ID: 100015
